This is pdfTeX, Version 3.1415926-1.40.10 (TeX Live 2009/Debian) (format=pdflatex 2012.3.15)  11 NOV 2012 11:53
entering extended mode
 %&-line parsing enabled.
**chiwei-cv
(./chiwei-cv.tex
LaTeX2e <2009/09/24>
Babel <v3.8l> and hyphenation patterns for english, usenglishmax, dumylang, noh
yphenation, pinyin, loaded.
(./res.cls
Document Style `res' <26 Sep 89>.
Document Class: res 2000/05/19 v1.4b Resume class
(/usr/share/texmf-texlive/tex/latex/base/article.cls
Document Class: article 2007/10/19 v1.4h Standard LaTeX document class
(/usr/share/texmf-texlive/tex/latex/base/size11.clo
File: size11.clo 2007/10/19 v1.4h Standard LaTeX file (size option)
)
\c@part=\count79
\c@section=\count80
\c@subsection=\count81
\c@subsubsection=\count82
\c@paragraph=\count83
\c@subparagraph=\count84
\c@figure=\count85
\c@table=\count86
\abovecaptionskip=\skip41
\belowcaptionskip=\skip42
\bibindent=\dimen102
)
No auxiliary output files.

\tabular@text=\toks14
\tabular@head=\toks15
\tabular@tail=\toks16
\@ta=\toks17
\undefined@token=\toks18
\sectionwidth=\dimen103
\sectionskip=\skip43
\resumewidth=\dimen104
\@columnwidth=\dimen105
\c@numberofcolumns=\count87
) (/usr/share/texmf-texlive/tex/latex/preprint/fullpage.sty
Package: fullpage 1999/02/23 1.1 (PWD)
\FP@margin=\skip44
)

LaTeX Warning: Unused global option(s):
    [11pt,a4paper].

No file chiwei-cv.aux.
LaTeX Font Info:    Checking defaults for OML/cmm/m/it on input line 31.
LaTeX Font Info:    ... okay on input line 31.
LaTeX Font Info:    Checking defaults for T1/cmr/m/n on input line 31.
LaTeX Font Info:    ... okay on input line 31.
LaTeX Font Info:    Checking defaults for OT1/cmr/m/n on input line 31.
LaTeX Font Info:    ... okay on input line 31.
LaTeX Font Info:    Checking defaults for OMS/cmsy/m/n on input line 31.
LaTeX Font Info:    ... okay on input line 31.
LaTeX Font Info:    Checking defaults for OMX/cmex/m/n on input line 31.
LaTeX Font Info:    ... okay on input line 31.
LaTeX Font Info:    Checking defaults for U/cmr/m/n on input line 31.
LaTeX Font Info:    ... okay on input line 31.
LaTeX Font Info:    External font `cmex10' loaded for size
(Font)              <10.95> on input line 43.
LaTeX Font Info:    External font `cmex10' loaded for size
(Font)              <8> on input line 43.
LaTeX Font Info:    External font `cmex10' loaded for size
(Font)              <6> on input line 43.
LaTeX Font Info:    External font `cmex10' loaded for size
(Font)              <7> on input line 61.
LaTeX Font Info:    External font `cmex10' loaded for size
(Font)              <5> on input line 61.

! LaTeX Error: Lonely \item--perhaps a missing list environment.

See the LaTeX manual or LaTeX Companion for explanation.
Type  H <return>  for immediate help.
 ...                                              
                                                  
l.84 \item{
           \em Undergraduate Student} \hfill {\bf Aug.~2011 -- Jun.~2012}
Try typing  <return>  to proceed.
If that doesn't work, type  X <return>  to quit.


! LaTeX Error: Lonely \item--perhaps a missing list environment.

See the LaTeX manual or LaTeX Companion for explanation.
Type  H <return>  for immediate help.
 ...                                              
                                                  
l.91 \item {
            \em Undergraduate Student} \hfill {\bf Aug.~2010 -- Jun.~2012}
Try typing  <return>  to proceed.
If that doesn't work, type  X <return>  to quit.


Overfull \vbox (1.5pt too high) has occurred while \output is active []

[1

{/var/lib/texmf/fonts/map/pdftex/updmap/pdftex.map}] ) 
Here is how much of TeX's memory you used:
 335 strings out of 495046
 3680 string characters out of 1181937
 54728 words of memory out of 3000000
 3586 multiletter control sequences out of 15000+50000
 8554 words of font info for 30 fonts, out of 3000000 for 9000
 28 hyphenation exceptions out of 8191
 27i,8n,21p,341b,225s stack positions out of 5000i,500n,10000p,200000b,50000s
</usr/share/texmf-texlive
/fonts/type1/public/amsfonts/cm/cmbx10.pfb></usr/share/texmf-texlive/fonts/type
1/public/amsfonts/cm/cmbx12.pfb></usr/share/texmf-texlive/fonts/type1/public/am
sfonts/cm/cmcsc10.pfb></usr/share/texmf-texlive/fonts/type1/public/amsfonts/cm/
cmr10.pfb></usr/share/texmf-texlive/fonts/type1/public/amsfonts/cm/cmsy10.pfb><
/usr/share/texmf-texlive/fonts/type1/public/amsfonts/cm/cmti10.pfb>
Output written on chiwei-cv.pdf (1 page, 92685 bytes).
PDF statistics:
 30 PDF objects out of 1000 (max. 8388607)
 0 named destinations out of 1000 (max. 500000)
 1 words of extra memory for PDF output out of 10000 (max. 10000000)

